<?xml version="1.0" encoding="UTF-8"?>
<!-- Generated by org.testng.reporters.JUnitXMLReporter -->
<testsuite ignored="3" hostname="Jagadish" failures="0" tests="1" name="Default test" time="2.386" errors="0" timestamp="2024-11-08T00:00:25 IST">
  <testcase classname="API_REQ.JsonPlaceholderApiRequests" name="deleteRequest" time="2.345"/>
  <testcase classname="API_REQ.JsonPlaceholderApiRequests" name="putRequest" time="0.0">
    <ignored/>
  </testcase> <!-- putRequest -->
  <testcase classname="API_REQ.JsonPlaceholderApiRequests" name="getRequest" time="0.0">
    <ignored/>
  </testcase> <!-- getRequest -->
  <testcase classname="API_REQ.JsonPlaceholderApiRequests" name="postRequest" time="0.0">
    <ignored/>
  </testcase> <!-- postRequest -->
</testsuite> <!-- Default test -->
