<?xml version="1.0" encoding="UTF-8"?>
<testng-results ignored="0" total="1" passed="1" failed="0" skipped="0">
  <reporter-output>
  </reporter-output>
  <suite started-at="2024-11-08T00:00:22 IST" name="Default suite" finished-at="2024-11-08T00:00:25 IST" duration-ms="2386">
    <groups>
    </groups>
    <test started-at="2024-11-08T00:00:22 IST" name="Default test" finished-at="2024-11-08T00:00:25 IST" duration-ms="2386">
      <class name="API_REQ.JsonPlaceholderApiRequests">
        <test-method signature="deleteRequest()[pri:0, instance:API_REQ.JsonPlaceholderApiRequests@4686afc2]" started-at="2024-11-08T00:00:22 IST" name="deleteRequest" finished-at="2024-11-08T00:00:25 IST" duration-ms="2345" status="PASS">
          <reporter-output>
          </reporter-output>
        </test-method> <!-- deleteRequest -->
      </class> <!-- API_REQ.JsonPlaceholderApiRequests -->
    </test> <!-- Default test -->
  </suite> <!-- Default suite -->
</testng-results>
